# JRE version: Java(TM) SE Runtime Environment (8.0_121-b13) (build 1.8.0_121-b13)
# Java VM: Java HotSpot(TM) 64-Bit Server VM (25.121-b13 mixed mode windows-amd64 compressed oops)
Heap:
 PSYoungGen      total 62976K, used 5104K [0x00000000d5d00000, 0x00000000da800000, 0x0000000100000000)
  eden space 57856K, 0% used [0x00000000d5d00000,0x00000000d5d00000,0x00000000d9580000)
  from space 5120K, 99% used [0x00000000d9e00000,0x00000000da2fc100,0x00000000da300000)
  to   space 5120K, 0% used [0x00000000da300000,0x00000000da300000,0x00000000da800000)
 ParOldGen       total 58880K, used 14893K [0x0000000081600000, 0x0000000084f80000, 0x00000000d5d00000)
  object space 58880K, 25% used [0x0000000081600000,0x000000008248b7e0,0x0000000084f80000)
 Metaspace       used 34123K, capacity 34984K, committed 35072K, reserved 1083392K
  class space    used 4866K, capacity 5055K, committed 5120K, reserved 1048576K
GC Heap History (10 events):
Event: 0.860 GC heap before
{Heap before GC invocations=1 (full 0):
 PSYoungGen      total 38400K, used 31679K [0x00000000d5d00000, 0x00000000d8780000, 0x0000000100000000)
  eden space 33280K, 95% used [0x00000000d5d00000,0x00000000d7befd60,0x00000000d7d80000)
  from space 5120K, 0% used [0x00000000d8280000,0x00000000d8280000,0x00000000d8780000)
  to   space 5120K, 0% used [0x00000000d7d80000,0x00000000d7d80000,0x00000000d8280000)
 ParOldGen       total 87552K, used 0K [0x0000000081600000, 0x0000000086b80000, 0x00000000d5d00000)
  object space 87552K, 0% used [0x0000000081600000,0x0000000081600000,0x0000000086b80000)
 Metaspace       used 15066K, capacity 15738K, committed 16000K, reserved 1062912K
  class space    used 2245K, capacity 2398K, committed 2432K, reserved 1048576K
Event: 0.870 GC heap after
Heap after GC invocations=1 (full 0):
 PSYoungGen      total 38400K, used 4726K [0x00000000d5d00000, 0x00000000da800000, 0x0000000100000000)
  eden space 33280K, 0% used [0x00000000d5d00000,0x00000000d5d00000,0x00000000d7d80000)
  from space 5120K, 92% used [0x00000000d7d80000,0x00000000d821db88,0x00000000d8280000)
  to   space 5120K, 0% used [0x00000000da300000,0x00000000da300000,0x00000000da800000)
 ParOldGen       total 87552K, used 72K [0x0000000081600000, 0x0000000086b80000, 0x00000000d5d00000)
  object space 87552K, 0% used [0x0000000081600000,0x0000000081612010,0x0000000086b80000)
 Metaspace       used 15066K, capacity 15738K, committed 16000K, reserved 1062912K
  class space    used 2245K, capacity 2398K, committed 2432K, reserved 1048576K
}
Event: 6.631 GC heap before
{Heap before GC invocations=2 (full 0):
 PSYoungGen      total 38400K, used 38006K [0x00000000d5d00000, 0x00000000da800000, 0x0000000100000000)
  eden space 33280K, 100% used [0x00000000d5d00000,0x00000000d7d80000,0x00000000d7d80000)
  from space 5120K, 92% used [0x00000000d7d80000,0x00000000d821db88,0x00000000d8280000)
  to   space 5120K, 0% used [0x00000000da300000,0x00000000da300000,0x00000000da800000)
 ParOldGen       total 87552K, used 72K [0x0000000081600000, 0x0000000086b80000, 0x00000000d5d00000)
  object space 87552K, 0% used [0x0000000081600000,0x0000000081612010,0x0000000086b80000)
 Metaspace       used 17954K, capacity 18606K, committed 18688K, reserved 1064960K
  class space    used 2616K, capacity 2774K, committed 2816K, reserved 1048576K
Event: 6.641 GC heap after
Heap after GC invocations=2 (full 0):
 PSYoungGen      total 38400K, used 5090K [0x00000000d5d00000, 0x00000000da800000, 0x0000000100000000)
  eden space 33280K, 0% used [0x00000000d5d00000,0x00000000d5d00000,0x00000000d7d80000)
  from space 5120K, 99% used [0x00000000da300000,0x00000000da7f88c0,0x00000000da800000)
  to   space 5120K, 0% used [0x00000000d7d80000,0x00000000d7d80000,0x00000000d8280000)
 ParOldGen       total 87552K, used 6646K [0x0000000081600000, 0x0000000086b80000, 0x00000000d5d00000)
  object space 87552K, 7% used [0x0000000081600000,0x0000000081c7d838,0x0000000086b80000)
 Metaspace       used 17954K, capacity 18606K, committed 18688K, reserved 1064960K
  class space    used 2616K, capacity 2774K, committed 2816K, reserved 1048576K
}
Event: 6.828 GC heap before
{Heap before GC invocations=3 (full 0):
 PSYoungGen      total 38400K, used 10475K [0x00000000d5d00000, 0x00000000da800000, 0x0000000100000000)
  eden space 33280K, 16% used [0x00000000d5d00000,0x00000000d62425d0,0x00000000d7d80000)
  from space 5120K, 99% used [0x00000000da300000,0x00000000da7f88c0,0x00000000da800000)
  to   space 5120K, 0% used [0x00000000d7d80000,0x00000000d7d80000,0x00000000d8280000)
 ParOldGen       total 87552K, used 6646K [0x0000000081600000, 0x0000000086b80000, 0x00000000d5d00000)
  object space 87552K, 7% used [0x0000000081600000,0x0000000081c7d838,0x0000000086b80000)
 Metaspace       used 20618K, capacity 21240K, committed 21296K, reserved 1067008K
  class space    used 3022K, capacity 3197K, committed 3200K, reserved 1048576K
Event: 6.834 GC heap after
Heap after GC invocations=3 (full 0):
 PSYoungGen      total 38400K, used 5090K [0x00000000d5d00000, 0x00000000da800000, 0x0000000100000000)
  eden space 33280K, 0% used [0x00000000d5d00000,0x00000000d5d00000,0x00000000d7d80000)
  from space 5120K, 99% used [0x00000000d7d80000,0x00000000d8278900,0x00000000d8280000)
  to   space 5120K, 0% used [0x00000000da300000,0x00000000da300000,0x00000000da800000)
 ParOldGen       total 87552K, used 7439K [0x0000000081600000, 0x0000000086b80000, 0x00000000d5d00000)
  object space 87552K, 8% used [0x0000000081600000,0x0000000081d43f48,0x0000000086b80000)
 Metaspace       used 20618K, capacity 21240K, committed 21296K, reserved 1067008K
  class space    used 3022K, capacity 3197K, committed 3200K, reserved 1048576K
}
Event: 6.834 GC heap before
{Heap before GC invocations=4 (full 1):
 PSYoungGen      total 38400K, used 5090K [0x00000000d5d00000, 0x00000000da800000, 0x0000000100000000)
  eden space 33280K, 0% used [0x00000000d5d00000,0x00000000d5d00000,0x00000000d7d80000)
  from space 5120K, 99% used [0x00000000d7d80000,0x00000000d8278900,0x00000000d8280000)
  to   space 5120K, 0% used [0x00000000da300000,0x00000000da300000,0x00000000da800000)
 ParOldGen       total 87552K, used 7439K [0x0000000081600000, 0x0000000086b80000, 0x00000000d5d00000)
  object space 87552K, 8% used [0x0000000081600000,0x0000000081d43f48,0x0000000086b80000)
 Metaspace       used 20618K, capacity 21240K, committed 21296K, reserved 1067008K
  class space    used 3022K, capacity 3197K, committed 3200K, reserved 1048576K
Event: 6.867 GC heap after
Heap after GC invocations=4 (full 1):
 PSYoungGen      total 38400K, used 0K [0x00000000d5d00000, 0x00000000da800000, 0x0000000100000000)
  eden space 33280K, 0% used [0x00000000d5d00000,0x00000000d5d00000,0x00000000d7d80000)
  from space 5120K, 0% used [0x00000000d7d80000,0x00000000d7d80000,0x00000000d8280000)
  to   space 5120K, 0% used [0x00000000da300000,0x00000000da300000,0x00000000da800000)
 ParOldGen       total 58880K, used 9157K [0x0000000081600000, 0x0000000084f80000, 0x00000000d5d00000)
  object space 58880K, 15% used [0x0000000081600000,0x0000000081ef1660,0x0000000084f80000)
 Metaspace       used 20618K, capacity 21240K, committed 21296K, reserved 1067008K
  class space    used 3022K, capacity 3197K, committed 3200K, reserved 1048576K
}
Event: 7.498 GC heap before
{Heap before GC invocations=5 (full 1):
 PSYoungGen      total 38400K, used 33280K [0x00000000d5d00000, 0x00000000da800000, 0x0000000100000000)
  eden space 33280K, 100% used [0x00000000d5d00000,0x00000000d7d80000,0x00000000d7d80000)
  from space 5120K, 0% used [0x00000000d7d80000,0x00000000d7d80000,0x00000000d8280000)
  to   space 5120K, 0% used [0x00000000da300000,0x00000000da300000,0x00000000da800000)
 ParOldGen       total 58880K, used 9157K [0x0000000081600000, 0x0000000084f80000, 0x00000000d5d00000)
  object space 58880K, 15% used [0x0000000081600000,0x0000000081ef1660,0x0000000084f80000)
 Metaspace       used 28248K, capacity 28938K, committed 29184K, reserved 1075200K
  class space    used 4093K, capacity 4288K, committed 4352K, reserved 1048576K
Event: 7.504 GC heap after
Heap after GC invocations=5 (full 1):
 PSYoungGen      total 62976K, used 5111K [0x00000000d5d00000, 0x00000000da800000, 0x0000000100000000)
  eden space 57856K, 0% used [0x00000000d5d00000,0x00000000d5d00000,0x00000000d9580000)
  from space 5120K, 99% used [0x00000000da300000,0x00000000da7fdfd8,0x00000000da800000)
  to   space 5120K, 0% used [0x00000000d9e00000,0x00000000d9e00000,0x00000000da300000)
 ParOldGen       total 58880K, used 11490K [0x0000000081600000, 0x0000000084f80000, 0x00000000d5d00000)
  object space 58880K, 19% used [0x0000000081600000,0x0000000082138988,0x0000000084f80000)
 Metaspace       used 28248K, capacity 28938K, committed 29184K, reserved 1075200K
  class space    used 4093K, capacity 4288K, committed 4352K, reserved 1048576K
}

